<?xml version="1.0" encoding="UTF-8"?>
<testsuite xmlns:xsi="http://www.w3.org/2001/XMLSchema-instance" xsi:noNamespaceSchemaLocation="https://maven.apache.org/surefire/maven-surefire-plugin/xsd/surefire-test-report.xsd" name="com.qiumengke.protectmycommunity.ProtectmycommunityApplicationTests" time="9.163" tests="7" errors="0" skipped="0" failures="0">
  <properties>
[...]
</properties>
  <testcase name="testRerieveFromCache" classname="com.qiumengke.protectmycommunity.ProtectmycommunityApplicationTests" time="1.778"/>
  <testcase name="updateTest" classname="com.qiumengke.protectmycommunity.ProtectmycommunityApplicationTests" time="0.019"/>
  <testcase name="retrieveNotExistKey" classname="com.qiumengke.protectmycommunity.ProtectmycommunityApplicationTests" time="0.005"/>
  <testcase name="retrieveListFromDb" classname="com.qiumengke.protectmycommunity.ProtectmycommunityApplicationTests" time="1.107"/>
  <testcase name="testCompleteProcess" classname="com.qiumengke.protectmycommunity.ProtectmycommunityApplicationTests" time="0.024"/>
  <testcase name="contextLoads" classname="com.qiumengke.protectmycommunity.ProtectmycommunityApplicationTests" time="0.003"/>
  <testcase name="redisTest" classname="com.qiumengke.protectmycommunity.ProtectmycommunityApplicationTests" time="0.014"/>
</testsuite>